<?xml version="1.0" encoding="UTF-8"?>
<testsuite name="RecipeBook.AppTest" tests="1" skipped="0" failures="0" errors="0" timestamp="2021-03-15T17:18:07" hostname="LAPTOP-VREQA3PE" time="0.023">
  <properties/>
  <testcase name="appHasAGreeting()" classname="RecipeBook.AppTest" time="0.023"/>
  <system-out><![CDATA[]]></system-out>
  <system-err><![CDATA[]]></system-err>
</testsuite>
