<?xml version="1.0" encoding="UTF-8"?>
<testsuite name="RecipeBook.MainTest" tests="1" skipped="0" failures="0" errors="0" timestamp="2021-03-15T17:18:07" hostname="LAPTOP-VREQA3PE" time="0.007">
  <properties/>
  <testcase name="testReadFile()" classname="RecipeBook.MainTest" time="0.007"/>
  <system-out><![CDATA[]]></system-out>
  <system-err><![CDATA[]]></system-err>
</testsuite>
